<?xml version="1.0" encoding="UTF-8"?>
<!-- Generated by org.testng.reporters.JUnitReportReporter -->
<testsuite skipped="0" hostname="DESKTOP-SBI1OAU" name="com.oxytech.negative.testcases.LoginTestCases" tests="2" failures="0" timestamp="04 Jan 2021 18:37:08 GMT" time="5.878" errors="0">
  <testcase name="testCase1" time="5.708" classname="com.oxytech.negative.testcases.LoginTestCases"/>
  <testcase name="data" time="0.170" classname="com.oxytech.negative.testcases.LoginTestCases"/>
</testsuite> <!-- com.oxytech.negative.testcases.LoginTestCases -->
