<?xml version="1.0" encoding="UTF-8"?>
<!-- Generated by org.testng.reporters.JUnitReportReporter -->
<testsuite skipped="0" hostname="DESKTOP-SBI1OAU" name="com.oxytech.testcases.ZoomInFeature" tests="1" failures="0" timestamp="28 Oct 2020 12:45:35 GMT" time="46.437" errors="0">
  <testcase name="addToDocTest" time="46.437" classname="com.oxytech.testcases.ZoomInFeature"/>
</testsuite> <!-- com.oxytech.testcases.ZoomInFeature -->
